TIME = 80.59
PROPS = 1891
CLAUSES = 196584
SIZE = 12
SOLUTION
on_d_a;on_f_e;on_a_c;on_e_b;ontable_c;ontable_b;clear_d;clear_f;handempty
unstack_d_a
on_f_e;on_a_c;on_e_b;ontable_c;ontable_b;clear_f;clear_a;holding_d
put-down_d
on_f_e;on_a_c;on_e_b;ontable_d;ontable_c;ontable_b;clear_d;clear_f;clear_a;handempty
unstack_f_e
on_a_c;on_e_b;ontable_d;ontable_c;ontable_b;clear_d;clear_a;clear_e;holding_f
stack_f_d
on_f_d;on_a_c;on_e_b;ontable_d;ontable_c;ontable_b;clear_f;clear_a;clear_e;handempty
unstack_e_b
on_f_d;on_a_c;ontable_d;ontable_c;ontable_b;clear_f;clear_b;clear_a;holding_e
stack_e_f
on_f_d;on_a_c;on_e_f;ontable_d;ontable_c;ontable_b;clear_b;clear_a;clear_e;handempty
unstack_a_c
on_f_d;on_e_f;ontable_d;ontable_c;ontable_b;clear_c;clear_b;clear_e;holding_a
stack_a_e
on_f_d;on_a_e;on_e_f;ontable_d;ontable_c;ontable_b;clear_c;clear_b;clear_a;handempty
pick-up_b
on_f_d;on_a_e;on_e_f;ontable_d;ontable_c;clear_c;clear_a;holding_b
stack_b_a
on_f_d;on_b_a;on_a_e;on_e_f;ontable_d;ontable_c;clear_c;clear_b;handempty
pick-up_c
on_f_d;on_b_a;on_a_e;on_e_f;ontable_d;clear_b;holding_c
stack_c_b
on_f_d;on_c_b;on_b_a;on_a_e;on_e_f;ontable_d;clear_c;handempty
