TIME = 890.80
PROPS = 4377
CLAUSES = 818208
SIZE = 16
SOLUTION
on_d_b;on_b_f;on_f_g;ontable_a;ontable_e;ontable_h;ontable_c;ontable_g;clear_d;clear_a;clear_e;clear_h;clear_c;handempty
unstack_d_b
on_b_f;on_f_g;ontable_a;ontable_e;ontable_h;ontable_c;ontable_g;clear_a;clear_e;clear_h;clear_c;clear_b;holding_d
stack_d_h
on_d_h;on_b_f;on_f_g;ontable_a;ontable_e;ontable_h;ontable_c;ontable_g;clear_d;clear_a;clear_e;clear_c;clear_b;handempty
unstack_b_f
on_d_h;on_f_g;ontable_a;ontable_e;ontable_h;ontable_c;ontable_g;clear_d;clear_a;clear_e;clear_c;clear_f;holding_b
put-down_b
on_d_h;on_f_g;ontable_a;ontable_e;ontable_h;ontable_c;ontable_g;ontable_b;clear_d;clear_a;clear_e;clear_c;clear_b;clear_f;handempty
pick-up_a
on_d_h;on_f_g;ontable_e;ontable_h;ontable_c;ontable_g;ontable_b;clear_d;clear_e;clear_c;clear_b;clear_f;holding_a
stack_a_d
on_d_h;on_a_d;on_f_g;ontable_e;ontable_h;ontable_c;ontable_g;ontable_b;clear_a;clear_e;clear_c;clear_b;clear_f;handempty
unstack_f_g
on_d_h;on_a_d;ontable_e;ontable_h;ontable_c;ontable_g;ontable_b;clear_a;clear_e;clear_c;clear_g;clear_b;holding_f
stack_f_a
on_d_h;on_a_d;on_f_a;ontable_e;ontable_h;ontable_c;ontable_g;ontable_b;clear_e;clear_c;clear_g;clear_b;clear_f;handempty
pick-up_g
on_d_h;on_a_d;on_f_a;ontable_e;ontable_h;ontable_c;ontable_b;clear_e;clear_c;clear_b;clear_f;holding_g
stack_g_f
on_d_h;on_a_d;on_g_f;on_f_a;ontable_e;ontable_h;ontable_c;ontable_b;clear_e;clear_c;clear_g;clear_b;handempty
pick-up_e
on_d_h;on_a_d;on_g_f;on_f_a;ontable_h;ontable_c;ontable_b;clear_c;clear_g;clear_b;holding_e
stack_e_g
on_d_h;on_a_d;on_e_g;on_g_f;on_f_a;ontable_h;ontable_c;ontable_b;clear_e;clear_c;clear_b;handempty
pick-up_b
on_d_h;on_a_d;on_e_g;on_g_f;on_f_a;ontable_h;ontable_c;clear_e;clear_c;holding_b
stack_b_e
on_d_h;on_a_d;on_e_g;on_g_f;on_b_e;on_f_a;ontable_h;ontable_c;clear_c;clear_b;handempty
pick-up_c
on_d_h;on_a_d;on_e_g;on_g_f;on_b_e;on_f_a;ontable_h;clear_b;holding_c
stack_c_b
on_d_h;on_a_d;on_e_g;on_c_b;on_g_f;on_b_e;on_f_a;ontable_h;clear_c;handempty
