TIME = 1822.30
PROPS = 4907
CLAUSES = 920466
SIZE = 18
SOLUTION
on_a_g;on_d_h;on_g_e;on_h_f;ontable_b;ontable_c;ontable_e;ontable_f;clear_a;clear_d;clear_b;clear_c;handempty
unstack_a_g
on_d_h;on_g_e;on_h_f;ontable_b;ontable_c;ontable_e;ontable_f;clear_d;clear_b;clear_c;clear_g;holding_a
stack_a_c
on_a_c;on_d_h;on_g_e;on_h_f;ontable_b;ontable_c;ontable_e;ontable_f;clear_a;clear_d;clear_b;clear_g;handempty
unstack_g_e
on_a_c;on_d_h;on_h_f;ontable_b;ontable_c;ontable_e;ontable_f;clear_a;clear_d;clear_b;clear_e;holding_g
stack_g_b
on_a_c;on_d_h;on_g_b;on_h_f;ontable_b;ontable_c;ontable_e;ontable_f;clear_a;clear_d;clear_e;clear_g;handempty
unstack_a_c
on_d_h;on_g_b;on_h_f;ontable_b;ontable_c;ontable_e;ontable_f;clear_d;clear_c;clear_e;clear_g;holding_a
stack_a_g
on_a_g;on_d_h;on_g_b;on_h_f;ontable_b;ontable_c;ontable_e;ontable_f;clear_a;clear_d;clear_c;clear_e;handempty
pick-up_c
on_a_g;on_d_h;on_g_b;on_h_f;ontable_b;ontable_e;ontable_f;clear_a;clear_d;clear_e;holding_c
stack_c_a
on_a_g;on_d_h;on_c_a;on_g_b;on_h_f;ontable_b;ontable_e;ontable_f;clear_d;clear_c;clear_e;handempty
unstack_d_h
on_a_g;on_c_a;on_g_b;on_h_f;ontable_b;ontable_e;ontable_f;clear_c;clear_e;clear_h;holding_d
put-down_d
on_a_g;on_c_a;on_g_b;on_h_f;ontable_d;ontable_b;ontable_e;ontable_f;clear_d;clear_c;clear_e;clear_h;handempty
unstack_h_f
on_a_g;on_c_a;on_g_b;ontable_d;ontable_b;ontable_e;ontable_f;clear_d;clear_c;clear_e;clear_f;holding_h
stack_h_c
on_a_g;on_c_a;on_g_b;on_h_c;ontable_d;ontable_b;ontable_e;ontable_f;clear_d;clear_e;clear_f;clear_h;handempty
pick-up_e
on_a_g;on_c_a;on_g_b;on_h_c;ontable_d;ontable_b;ontable_f;clear_d;clear_f;clear_h;holding_e
stack_e_h
on_a_g;on_c_a;on_e_h;on_g_b;on_h_c;ontable_d;ontable_b;ontable_f;clear_d;clear_e;clear_f;handempty
pick-up_f
on_a_g;on_c_a;on_e_h;on_g_b;on_h_c;ontable_d;ontable_b;clear_d;clear_e;holding_f
stack_f_e
on_a_g;on_c_a;on_e_h;on_f_e;on_g_b;on_h_c;ontable_d;ontable_b;clear_d;clear_f;handempty
pick-up_d
on_a_g;on_c_a;on_e_h;on_f_e;on_g_b;on_h_c;ontable_b;clear_f;holding_d
stack_d_f
on_a_g;on_d_f;on_c_a;on_e_h;on_f_e;on_g_b;on_h_c;ontable_b;clear_d;handempty
