TIME = 1.19
PROPS = 368
CLAUSES = 11090
SIZE = 9
SOLUTION
on_board_instrument0_satellite0;supports_instrument0_thermograph0;pointing_satellite0_phenomenon6;power_avail_satellite0;calibration_target_instrument0_groundstation2
switch_on_instrument0_satellite0
on_board_instrument0_satellite0;supports_instrument0_thermograph0;pointing_satellite0_phenomenon6;power_on_instrument0;calibration_target_instrument0_groundstation2
turn_to_satellite0_groundstation2_phenomenon6
on_board_instrument0_satellite0;supports_instrument0_thermograph0;pointing_satellite0_groundstation2;power_on_instrument0;calibration_target_instrument0_groundstation2
calibrate_satellite0_instrument0_groundstation2
on_board_instrument0_satellite0;supports_instrument0_thermograph0;pointing_satellite0_groundstation2;power_on_instrument0;calibrated_instrument0;calibration_target_instrument0_groundstation2
turn_to_satellite0_phenomenon6_groundstation2
on_board_instrument0_satellite0;supports_instrument0_thermograph0;pointing_satellite0_phenomenon6;power_on_instrument0;calibrated_instrument0;calibration_target_instrument0_groundstation2
take_image_satellite0_phenomenon6_instrument0_thermograph0
on_board_instrument0_satellite0;supports_instrument0_thermograph0;pointing_satellite0_phenomenon6;power_on_instrument0;calibrated_instrument0;have_image_phenomenon6_thermograph0;calibration_target_instrument0_groundstation2
turn_to_satellite0_star5_phenomenon6
on_board_instrument0_satellite0;supports_instrument0_thermograph0;pointing_satellite0_star5;power_on_instrument0;calibrated_instrument0;have_image_phenomenon6_thermograph0;calibration_target_instrument0_groundstation2;calibration_target_instrument0_star5
on_board_instrument0_satellite0;supports_instrument0_thermograph0;pointing_satellite0_star5;power_on_instrument0;calibrated_instrument0;have_image_phenomenon6_thermograph0;have_image_star5_thermograph0;calibration_target_instrument0_groundstation2
turn_to_satellite0_phenomenon4_star5
on_board_instrument0_satellite0;supports_instrument0_thermograph0;pointing_satellite0_phenomenon4;power_on_instrument0;calibrated_instrument0;have_image_phenomenon6_thermograph0;have_image_star5_thermograph0;calibration_target_instrument0_groundstation2
take_image_satellite0_phenomenon4_instrument0_thermograph0
on_board_instrument0_satellite0;supports_instrument0_thermograph0;pointing_satellite0_phenomenon4;power_on_instrument0;calibrated_instrument0;have_image_phenomenon6_thermograph0;have_image_phenomenon4_thermograph0;have_image_star5_thermograph0;calibration_target_instrument0_groundstation2
