TIME = 706.88
PROPS = 2684
CLAUSES = 394535
SIZE = 13
SOLUTION
on_board_instrument0_satellite0;on_board_instrument1_satellite0;supports_instrument0_infrared1;supports_instrument0_infrared0;supports_instrument1_infrared1;supports_instrument1_infrared0;supports_instrument1_image2;pointing_satellite0_planet4;power_avail_satellite0;calibration_target_instrument0_star0;calibration_target_instrument1_groundstation2
turn_to_satellite0_groundstation2_planet4
on_board_instrument0_satellite0;on_board_instrument1_satellite0;supports_instrument0_infrared1;supports_instrument0_infrared0;supports_instrument1_infrared1;supports_instrument1_infrared0;supports_instrument1_image2;pointing_satellite0_groundstation2;power_avail_satellite0;calibration_target_instrument0_star0;calibration_target_instrument1_groundstation2
switch_on_instrument1_satellite0
on_board_instrument0_satellite0;on_board_instrument1_satellite0;supports_instrument0_infrared1;supports_instrument0_infrared0;supports_instrument1_infrared1;supports_instrument1_infrared0;supports_instrument1_image2;pointing_satellite0_groundstation2;power_on_instrument1;calibration_target_instrument0_star0;calibration_target_instrument1_groundstation2
calibrate_satellite0_instrument1_groundstation2
on_board_instrument0_satellite0;on_board_instrument1_satellite0;supports_instrument0_infrared1;supports_instrument0_infrared0;supports_instrument1_infrared1;supports_instrument1_infrared0;supports_instrument1_image2;pointing_satellite0_groundstation2;power_on_instrument1;calibrated_instrument1;calibration_target_instrument0_star0;calibration_target_instrument1_groundstation2
turn_to_satellite0_phenomenon5_groundstation2
on_board_instrument0_satellite0;on_board_instrument1_satellite0;supports_instrument0_infrared1;supports_instrument0_infrared0;supports_instrument1_infrared1;supports_instrument1_infrared0;supports_instrument1_image2;pointing_satellite0_phenomenon5;power_on_instrument1;calibrated_instrument1;calibration_target_instrument0_star0;calibration_target_instrument1_groundstation2
take_image_satellite0_phenomenon5_instrument1_image2
on_board_instrument0_satellite0;on_board_instrument1_satellite0;supports_instrument0_infrared1;supports_instrument0_infrared0;supports_instrument1_infrared1;supports_instrument1_infrared0;supports_instrument1_image2;pointing_satellite0_phenomenon5;power_on_instrument1;calibrated_instrument1;have_image_phenomenon5_image2;calibration_target_instrument0_star0;calibration_target_instrument1_groundstation2
turn_to_satellite0_phenomenon6_phenomenon5
on_board_instrument0_satellite0;on_board_instrument1_satellite0;supports_instrument0_infrared1;supports_instrument0_infrared0;supports_instrument1_infrared1;supports_instrument1_infrared0;supports_instrument1_image2;pointing_satellite0_phenomenon6;power_on_instrument1;calibrated_instrument1;have_image_phenomenon5_image2;calibration_target_instrument0_star0;calibration_target_instrument1_groundstation2
take_image_satellite0_phenomenon6_instrument1_infrared0
on_board_instrument0_satellite0;on_board_instrument1_satellite0;supports_instrument0_infrared1;supports_instrument0_infrared0;supports_instrument1_infrared1;supports_instrument1_infrared0;supports_instrument1_image2;pointing_satellite0_phenomenon6;power_on_instrument1;calibrated_instrument1;have_image_phenomenon5_image2;have_image_phenomenon6_infrared0;calibration_target_instrument0_star0;calibration_target_instrument1_groundstation2
turn_to_satellite0_planet4_phenomenon6
on_board_instrument0_satellite0;on_board_instrument1_satellite0;supports_instrument0_infrared1;supports_instrument0_infrared0;supports_instrument1_infrared1;supports_instrument1_infrared0;supports_instrument1_image2;pointing_satellite0_planet4;power_on_instrument1;calibrated_instrument1;have_image_phenomenon5_image2;have_image_phenomenon6_infrared0;calibration_target_instrument0_star0;calibration_target_instrument1_groundstation2
take_image_satellite0_planet4_instrument1_infrared0
on_board_instrument0_satellite0;on_board_instrument1_satellite0;supports_instrument0_infrared1;supports_instrument0_infrared0;supports_instrument1_infrared1;supports_instrument1_infrared0;supports_instrument1_image2;pointing_satellite0_planet4;power_on_instrument1;calibrated_instrument1;have_image_planet4_infrared0;have_image_phenomenon5_image2;have_image_phenomenon6_infrared0;calibration_target_instrument0_star0;calibration_target_instrument1_groundstation2
turn_to_satellite0_planet3_planet4
on_board_instrument0_satellite0;on_board_instrument1_satellite0;supports_instrument0_infrared1;supports_instrument0_infrared0;supports_instrument1_infrared1;supports_instrument1_infrared0;supports_instrument1_image2;pointing_satellite0_planet3;power_on_instrument1;calibrated_instrument1;have_image_planet4_infrared0;have_image_phenomenon5_image2;have_image_phenomenon6_infrared0;calibration_target_instrument0_star0;calibration_target_instrument1_groundstation2
take_image_satellite0_planet3_instrument1_infrared0
on_board_instrument0_satellite0;on_board_instrument1_satellite0;supports_instrument0_infrared1;supports_instrument0_infrared0;supports_instrument1_infrared1;supports_instrument1_infrared0;supports_instrument1_image2;pointing_satellite0_planet3;power_on_instrument1;calibrated_instrument1;have_image_planet4_infrared0;have_image_planet3_infrared0;have_image_phenomenon5_image2;have_image_phenomenon6_infrared0;calibration_target_instrument0_star0;calibration_target_instrument1_groundstation2
turn_to_satellite0_star7_planet3
on_board_instrument0_satellite0;on_board_instrument1_satellite0;supports_instrument0_infrared1;supports_instrument0_infrared0;supports_instrument1_infrared1;supports_instrument1_infrared0;supports_instrument1_image2;pointing_satellite0_star7;power_on_instrument1;calibrated_instrument1;have_image_planet4_infrared0;have_image_planet3_infrared0;have_image_phenomenon5_image2;have_image_phenomenon6_infrared0;calibration_target_instrument0_star0;calibration_target_instrument1_groundstation2
take_image_satellite0_star7_instrument1_infrared0
on_board_instrument0_satellite0;on_board_instrument1_satellite0;supports_instrument0_infrared1;supports_instrument0_infrared0;supports_instrument1_infrared1;supports_instrument1_infrared0;supports_instrument1_image2;pointing_satellite0_star7;power_on_instrument1;calibrated_instrument1;have_image_planet4_infrared0;have_image_planet3_infrared0;have_image_phenomenon5_image2;have_image_phenomenon6_infrared0;have_image_star7_infrared0;calibration_target_instrument0_star0;calibration_target_instrument1_groundstation2
